<?xml version="1.0" encoding="UTF-8"?>
<!-- Generated by org.testng.reporters.JUnitReportReporter -->
<testsuite skipped="0" hostname="Farooq-Machine01" name="TestHelloWorld" tests="1" failures="0" timestamp="2022-04-20T00:59:07 PKT" time="0.002" errors="0">
  <testcase name="testHelloWorld" time="0.002" classname="TestHelloWorld"/>
  <system-out/>
</testsuite> <!-- TestHelloWorld -->
